20170112171001:Begin to sync...
Gen8 current state: OFF
booting Gen8 server......
begin boot time:Thu Jan 12 17:10:02 GMT 2017
Time Used:
1 2 3 4 5 6 7 8 9 10 11 12 13 14 15 16 17 18 19 20 21 22 23 24 25 26 27 28 29 30 31 32 33 34 35 36 37 38 39 40 41 42 43 44 45 46 47 48 49 50 51 52 53 54 55 56 57 58 59 60 61 62 63 64 65 66 67 68 69 70 71 72 73 boot successfully.
finish boot time:Thu Jan 12 17:12:31 GMT 2017
20170112171331:running lroom records rsync...
ssh: 
Host '10.0.0.5' key accepted unconditionally.
(ecdsa-sha2-nistp256 fingerprint md5 7a:11:dc:8a:32:58:5d:68:fd:9e:e4:01:e4:49:b3:60)

sending incremental file list
created directory /volume1/LocalStore/NAS_STORAGE/Records/LroomV
HN1A005G8R00087/
HN1A005G8R00087/20161221/
HN1A005G8R00087/20161221/1/
HN1A005G8R00087/20161221/1/video20161221070414.mp4
HN1A005G8R00087/20161221/1/video20161221072120.mp4
HN1A005G8R00087/20161221/1/video20161221073647.mp4
HN1A005G8R00087/20161221/1/video20161221074217.mp4
HN1A005G8R00087/20161221/1/video20161221090100.mp4
HN1A005G8R00087/20161221/1/video20161221092215.mp4
HN1A005G8R00087/20161221/1/video20161221101735.mp4
HN1A005G8R00087/20161221/1/video20161221102542.mp4
HN1A005G8R00087/20161221/1/video20161221125126.mp4
HN1A005G8R00087/20161221/1/video20161221141211.mp4
HN1A005G8R00087/20161221/1/video20161221155339.mp4
HN1A005G8R00087/20161221/1/video20161221160841.mp4
HN1A005G8R00087/20161221/1/video20161221161513.mp4
HN1A005G8R00087/20161221/1/video20161221161727.mp4
HN1A005G8R00087/20161221/1/video20161221172630.mp4
HN1A005G8R00087/20161221/1/video20161221173628.mp4
HN1A005G8R00087/20161221/1/video20161221193125.mp4
HN1A005G8R00087/20161221/1/video20161221193315.mp4
HN1A005G8R00087/20161221/1/video20161221193504.mp4
HN1A005G8R00087/20161221/1/video20161221193730.mp4
HN1A005G8R00087/20161221/1/video20161221193943.mp4
HN1A005G8R00087/20161221/1/video20161221194946.mp4
HN1A005G8R00087/20161221/1/video20161221195325.mp4
HN1A005G8R00087/20161221/1/video20161221200359.mp4
HN1A005G8R00087/20161221/1/video20161221200806.mp4
HN1A005G8R00087/20161221/1/video20161221215642.mp4
HN1A005G8R00087/20161221/1/video20161221220647.mp4
HN1A005G8R00087/20161221/1/video20161221221650.mp4
HN1A005G8R00087/20161221/1/video20161221222654.mp4
HN1A005G8R00087/20161221/1/video20161221223656.mp4
HN1A005G8R00087/20161221/1/video20161221224316.mp4
HN1A005G8R00087/20161221/1/video20161221225320.mp4
HN1A005G8R00087/20161221/1/video20161221225904.mp4
HN1A005G8R00087/20161221/1/video20161221230334.mp4
HN1A005G8R00087/20161221/1/video20161221231337.mp4
HN1A005G8R00087/20161221/1/video20161221232341.mp4
HN1A005G8R00087/20161221/1/video20161221234046.mp4
HN1A005G8R00087/20161222/
HN1A005G8R00087/20161222/1/
HN1A005G8R00087/20161222/1/video20161222073127.mp4
HN1A005G8R00087/20161222/1/video20161222075646.mp4
HN1A005G8R00087/20161222/1/video20161222082638.mp4
HN1A005G8R00087/20161222/1/video20161222083218.mp4
HN1A005G8R00087/20161222/1/video20161222083913.mp4
HN1A005G8R00087/20161222/1/video20161222085835.mp4
HN1A005G8R00087/20161222/1/video20161222090419.mp4
HN1A005G8R00087/20161222/1/video20161222155328.mp4
HN1A005G8R00087/20161222/1/video20161222160228.mp4
HN1A005G8R00087/20161222/1/video20161222160558.mp4
HN1A005G8R00087/20161222/1/video20161222162039.mp4
HN1A005G8R00087/20161222/1/video20161222162405.mp4
HN1A005G8R00087/20161222/1/video20161222162725.mp4
HN1A005G8R00087/20161222/1/video20161222164013.mp4
HN1A005G8R00087/20161222/1/video20161222200434.mp4
HN1A005G8R00087/20161222/1/video20161222200810.mp4
HN1A005G8R00087/20161222/1/video20161222201208.mp4
HN1A005G8R00087/20161222/1/video20161222201801.mp4
HN1A005G8R00087/20161222/1/video20161222202043.mp4
HN1A005G8R00087/20161222/1/video20161222202430.mp4
HN1A005G8R00087/20161222/1/video20161222203033.mp4
HN1A005G8R00087/20161222/1/video20161222203314.mp4
HN1A005G8R00087/20161222/1/video20161222203912.mp4
HN1A005G8R00087/20161222/1/video20161222204045.mp4
HN1A005G8R00087/20161222/1/video20161222205048.mp4
HN1A005G8R00087/20161222/1/video20161222210052.mp4
HN1A005G8R00087/20161222/1/video20161222211032.mp4
HN1A005G8R00087/20161222/1/video20161222211323.mp4
HN1A005G8R00087/20161222/1/video20161222212427.mp4
HN1A005G8R00087/20161222/1/video20161222213430.mp4
HN1A005G8R00087/20161222/1/video20161222214225.mp4
HN1A005G8R00087/20161222/1/video20161222215228.mp4
HN1A005G8R00087/20161222/1/video20161222221235.mp4
HN1A005G8R00087/20161222/1/video20161222222239.mp4
HN1A005G8R00087/20161222/1/video20161222222900.mp4
HN1A005G8R00087/20161222/1/video20161222224110.mp4
HN1A005G8R00087/20161222/1/video20161222225301.mp4
HN1A005G8R00087/20161222/1/video20161222230211.mp4
HN1A005G8R00087/20161222/1/video20161222231003.mp4
HN1A005G8R00087/20161222/1/video20161222231737.mp4
HN1A005G8R00087/20161222/1/video20161222232150.mp4
HN1A005G8R00087/20161222/1/video20161222232349.mp4
HN1A005G8R00087/20161222/1/video20161222232518.mp4
HN1A005G8R00087/20161222/1/video20161222233630.mp4
HN1A005G8R00087/20161226/
HN1A005G8R00087/20161226/1/
HN1A005G8R00087/20161226/1/video20161226070224.mp4
HN1A005G8R00087/20161226/1/video20161226070813.mp4
HN1A005G8R00087/20161226/1/video20161226071035.mp4
HN1A005G8R00087/20161226/1/video20161226071552.mp4
HN1A005G8R00087/20161226/1/video20161226071939.mp4
HN1A005G8R00087/20161226/1/video20161226072436.mp4
HN1A005G8R00087/20161226/1/video20161226072820.mp4
HN1A005G8R00087/20161226/1/video20161226073512.mp4
HN1A005G8R00087/20161226/1/video20161226073713.mp4
HN1A005G8R00087/20161226/1/video20161226074009.mp4
HN1A005G8R00087/20161226/1/video20161226074143.mp4
HN1A005G8R00087/20161226/1/video20161226081736.mp4
HN1A005G8R00087/20161226/1/video20161226085520.mp4
HN1A005G8R00087/20161226/1/video20161226090008.mp4
HN1A005G8R00087/20161226/1/video20161226091257.mp4
HN1A005G8R00087/20161226/1/video20161226091901.mp4
HN1A005G8R00087/20161226/1/video20161226092138.mp4
HN1A005G8R00087/20161226/1/video20161226092328.mp4
HN1A005G8R00087/20161226/1/video20161226092527.mp4
HN1A005G8R00087/20161226/1/video20161226093307.mp4
HN1A005G8R00087/20161226/1/video20161226093556.mp4
HN1A005G8R00087/20161226/1/video20161226093749.mp4
HN1A005G8R00087/20161226/1/video20161226094655.mp4
HN1A005G8R00087/20161226/1/video20161226094837.mp4
HN1A005G8R00087/20161226/1/video20161226095906.mp4
HN1A005G8R00087/20161226/1/video20161226155607.mp4
HN1A005G8R00087/20161226/1/video20161226162326.mp4
HN1A005G8R00087/20161226/1/video20161226162656.mp4
HN1A005G8R00087/20161226/1/video20161226163240.mp4
HN1A005G8R00087/20161226/1/video20161226173237.mp4
HN1A005G8R00087/20161226/1/video20161226173714.mp4
HN1A005G8R00087/20161226/1/video20161226191036.mp4
HN1A005G8R00087/20161226/1/video20161226191407.mp4
HN1A005G8R00087/20161226/1/video20161226191927.mp4
HN1A005G8R00087/20161226/1/video20161226192229.mp4
HN1A005G8R00087/20161226/1/video20161226193324.mp4
HN1A005G8R00087/20161226/1/video20161226194327.mp4
HN1A005G8R00087/20161226/1/video20161226195042.mp4
HN1A005G8R00087/20161226/1/video20161226195803.mp4
HN1A005G8R00087/20161226/1/video20161226200425.mp4
HN1A005G8R00087/20161226/1/video20161226201037.mp4
HN1A005G8R00087/20161226/1/video20161226201355.mp4
HN1A005G8R00087/20161226/1/video20161226202335.mp4
HN1A005G8R00087/20161226/1/video20161226202640.mp4
HN1A005G8R00087/20161226/1/video20161226203304.mp4
HN1A005G8R00087/20161226/1/video20161226204307.mp4
HN1A005G8R00087/20161226/1/video20161226205043.mp4
HN1A005G8R00087/20161226/1/video20161226210128.mp4
HN1A005G8R00087/20161226/1/video20161226210536.mp4
HN1A005G8R00087/20161226/1/video20161226210921.mp4
HN1A005G8R00087/20161226/1/video20161226211924.mp4
HN1A005G8R00087/20161226/1/video20161226212927.mp4
HN1A005G8R00087/20161226/1/video20161226213931.mp4
HN1A005G8R00087/20161226/1/video20161226214625.mp4
HN1A005G8R00087/20161226/1/video20161226215737.mp4
HN1A005G8R00087/20161226/1/video20161226220733.mp4
HN1A005G8R00087/20161226/1/video20161226221229.mp4
HN1A005G8R00087/20161226/1/video20161226222232.mp4
HN1A005G8R00087/20161226/1/video20161226222407.mp4
HN1A005G8R00087/20161226/1/video20161226223411.mp4
HN1A005G8R00087/20161226/1/video20161226224026.mp4
HN1A005G8R00087/20161226/1/video20161226225030.mp4
HN1A005G8R00087/20161226/1/video20161226230033.mp4
HN1A005G8R00087/20161226/1/video20161226230309.mp4
HN1A005G8R00087/20161226/1/video20161226231313.mp4
HN1A005G8R00087/20161226/1/video20161226232315.mp4
HN1A005G8R00087/20161226/1/video20161226232418.mp4
HN1A005G8R00087/20161226/1/video20161226232634.mp4
HN1A005G8R00087/20161226/1/video20161226234504.mp4
HN1A005G8R00087/20161227/
HN1A005G8R00087/20161227/1/
HN1A005G8R00087/20161227/1/video20161227072103.mp4
HN1A005G8R00087/20161227/1/video20161227072608.mp4
HN1A005G8R00087/20161227/1/video20161227073231.mp4
HN1A005G8R00087/20161227/1/video20161227073932.mp4
HN1A005G8R00087/20161227/1/video20161227075448.mp4
HN1A005G8R00087/20161227/1/video20161227081930.mp4
HN1A005G8R00087/20161227/1/video20161227082627.mp4
HN1A005G8R00087/20161227/1/video20161227083055.mp4
HN1A005G8R00087/20161227/1/video20161227085628.mp4
HN1A005G8R00087/20161227/1/video20161227085929.mp4
HN1A005G8R00087/20161227/1/video20161227090717.mp4
HN1A005G8R00087/20161227/1/video20161227092842.mp4
HN1A005G8R00087/20161227/1/video20161227162105.mp4
HN1A005G8R00087/20161227/1/video20161227162349.mp4
HN1A005G8R00087/20161227/1/video20161227162626.mp4
HN1A005G8R00087/20161227/1/video20161227162908.mp4
HN1A005G8R00087/20161227/1/video20161227163259.mp4
HN1A005G8R00087/20161227/1/video20161227163703.mp4
HN1A005G8R00087/20161227/1/video20161227165043.mp4
HN1A005G8R00087/20161227/1/video20161227165043_1.mp4
HN1A005G8R00087/20161227/1/video20161227173424.mp4
HN1A005G8R00087/20161227/1/video20161227191914.mp4
HN1A005G8R00087/20161227/1/video20161227192245.mp4
HN1A005G8R00087/20161227/1/video20161227193238.mp4
HN1A005G8R00087/20161227/1/video20161227193928.mp4
HN1A005G8R00087/20161227/1/video20161227194531.mp4
HN1A005G8R00087/20161227/1/video20161227195556.mp4
HN1A005G8R00087/20161227/1/video20161227200234.mp4
HN1A005G8R00087/20161227/1/video20161227200623.mp4
HN1A005G8R00087/20161227/1/video20161227201019.mp4
HN1A005G8R00087/20161227/1/video20161227201232.mp4
HN1A005G8R00087/20161227/1/video20161227202115.mp4
HN1A005G8R00087/20161227/1/video20161227202334.mp4
HN1A005G8R00087/20161227/1/video20161227203337.mp4
HN1A005G8R00087/20161227/1/video20161227204340.mp4
HN1A005G8R00087/20161227/1/video20161227205357.mp4
HN1A005G8R00087/20161227/1/video20161227210424.mp4
HN1A005G8R00087/20161227/1/video20161227211213.mp4
HN1A005G8R00087/20161227/1/video20161227212216.mp4
HN1A005G8R00087/20161227/1/video20161227212216_1.mp4
HN1A005G8R00087/20161227/1/video20161227213220.mp4
HN1A005G8R00087/20161227/1/video20161227214222.mp4
HN1A005G8R00087/20161227/1/video20161227215226.mp4
HN1A005G8R00087/20161227/1/video20161227220052.mp4
HN1A005G8R00087/20161227/1/video20161227221055.mp4
HN1A005G8R00087/20161227/1/video20161227222100.mp4
HN1A005G8R00087/20161227/1/video20161227223103.mp4
HN1A005G8R00087/20161227/1/video20161227223551.mp4
HN1A005G8R00087/20161227/1/video20161227223551_1.mp4
HN1A005G8R00087/20161227/1/video20161227224856.mp4
HN1A005G8R00087/20161227/1/video20161227224856_1.mp4
HN1A005G8R00087/20161227/1/video20161227225508.mp4
HN1A005G8R00087/20161228/
HN1A005G8R00087/20161228/1/
HN1A005G8R00087/20161228/1/video20161228070606.mp4
HN1A005G8R00087/20161228/1/video20161228071444.mp4
HN1A005G8R00087/20161228/1/video20161228072344.mp4
HN1A005G8R00087/20161228/1/video20161228072958.mp4
HN1A005G8R00087/20161228/1/video20161228073524.mp4
HN1A005G8R00087/20161228/1/video20161228073951.mp4
HN1A005G8R00087/20161228/1/video20161228074311.mp4
HN1A005G8R00087/20161228/1/video20161228074445.mp4
HN1A005G8R00087/20161228/1/video20161228080421.mp4
HN1A005G8R00087/20161228/1/video20161228080741.mp4
HN1A005G8R00087/20161228/1/video20161228082802.mp4
HN1A005G8R00087/20161228/1/video20161228084043.mp4
HN1A005G8R00087/20161228/1/video20161228090051.mp4
HN1A005G8R00087/20161228/1/video20161228092311.mp4
HN1A005G8R00087/20161228/1/video20161228160904.mp4
HN1A005G8R00087/20161228/1/video20161228162142.mp4
HN1A005G8R00087/20161228/1/video20161228162546.mp4
HN1A005G8R00087/20161228/1/video20161228163508.mp4
HN1A005G8R00087/20161228/1/video20161228164806.mp4
HN1A005G8R00087/20161228/1/video20161228173109.mp4
HN1A005G8R00087/20161228/1/video20161228191422.mp4
HN1A005G8R00087/20161228/1/video20161228192454.mp4
HN1A005G8R00087/20161228/1/video20161228192753.mp4
HN1A005G8R00087/20161228/1/video20161228193055.mp4
HN1A005G8R00087/20161228/1/video20161228193215.mp4
HN1A005G8R00087/20161228/1/video20161228193326.mp4
HN1A005G8R00087/20161228/1/video20161228193832.mp4
HN1A005G8R00087/20161228/1/video20161228194008.mp4
HN1A005G8R00087/20161228/1/video20161228194726.mp4
HN1A005G8R00087/20161228/1/video20161228214847.mp4
HN1A005G8R00087/20161228/1/video20161228215850.mp4
HN1A005G8R00087/20161228/1/video20161228220856.mp4
HN1A005G8R00087/20161228/1/video20161228221533.mp4
HN1A005G8R00087/20161228/1/video20161228221730.mp4
HN1A005G8R00087/20161228/1/video20161228222003.mp4
HN1A005G8R00087/20161228/1/video20161228222306.mp4
HN1A005G8R00087/20161228/1/video20161228223111.mp4
HN1A005G8R00087/20161228/1/video20161228223241.mp4
HN1A005G8R00087/20161228/1/video20161228223534.mp4
HN1A005G8R00087/20161228/1/video20161228223747.mp4
HN1A005G8R00087/20161228/1/video20161228224308.mp4
HN1A005G8R00087/20161228/1/video20161228225204.mp4
HN1A005G8R00087/20161228/1/video20161228225440.mp4
HN1A005G8R00087/20161228/1/video20161228230428.mp4
Killed
20170112180232:rsync lroom records finished.
shutdonn DSM Server......
1A005G8R00087/
HN1A005G8R00087/20161221/
HN1A005G8R00087/20161221/1/
HN1A005G8R00087/20161222/
HN1A005G8R00087/20161222/1/
HN1A005G8R00087/20161226/
HN1A005G8R00087/20161226/1/
HN1A005G8R00087/20161227/
HN1A005G8R00087/20161227/1/
HN1A005G8R00087/20161228/
HN1A005G8R00087/20161228/1/
HN1A005G8R00087/20161229/
HN1A005G8R00087/20161229/1/
HN1A005G8R00087/20161230/
HN1A005G8R00087/20161230/1/
HN1A005G8R00087/20161231/
HN1A005G8R00087/20161231/1/
HN1A005G8R00087/20170101/
HN1A005G8R00087/20170101/1/
HN1A005G8R00087/20170102/
HN1A005G8R00087/20170102/1/
HN1A005G8R00087/20170103/
HN1A005G8R00087/20170103/1/
HN1A005G8R00087/20170104/
HN1A005G8R00087/20170104/1/
HN1A005G8R00087/20170105/
HN1A005G8R00087/20170105/1/
HN1A005G8R00087/20170106/
HN1A005G8R00087/20170106/1/
HN1A005G8R00087/20170107/
HN1A005G8R00087/20170107/1/
HN1A005G8R00087/20170108/
HN1A005G8R00087/20170108/1/
HN1A005G8R00087/20170109/
HN1A005G8R00087/20170109/1/
HN1A005G8R00087/20170110/
HN1A005G8R00087/20170110/1/
HN1A005G8R00087/20170111/
HN1A005G8R00087/20170111/1/
HN1A005G8R00087/20170112/
HN1A005G8R00087/20170112/1/
HN1A005G8R00087/20170112/1/video20170112072808.mp4
HN1A005G8R00087/20170112/1/video20170112073059.mp4
Killed
20170112180232:rsync lroom records finished.
/opt/lib/python2.7/site-packages/pkg_resources/__init__.py:1222: UserWarning: /root/.python-eggs is writable by group/others and vulnerable to attack when used with get_resource_filename. Consider a more secure location (set with .set_extraction_path or the PYTHON_EGG_CACHE environment variable).
  warnings.warn(msg, UserWarning)

PLAY [dsm] *********************************************************************

TASK [setup] *******************************************************************
fatal: [10.0.0.5]: UNREACHABLE! => {"changed": false, "msg": "Failed to connect to the host via ssh: Permission denied (publickey,password).\r\n", "unreachable": true}
	to retry, use: --limit @/tmp/mnt/sda2/Monitor/MGMT/playbook/shutdown_dsm.retry

PLAY RECAP *********************************************************************
10.0.0.5                   : ok=0    changed=0    unreachable=1    failed=0   

20170112180252:Begin to sync...
Gen8 current state: ON
shutdown Gen8 Server......
/opt/lib/python2.7/site-packages/pkg_resources/__init__.py:1222: UserWarning: /root/.python-eggs is writable by group/others and vulnerable to attack when used with get_resource_filename. Consider a more secure location (set with .set_extraction_path or the PYTHON_EGG_CACHE environment variable).
  warnings.warn(msg, UserWarning)
20170112180352:running lroom records rsync...
sending incremental file list
HN1A005G8R00087/
HN1A005G8R00087/20161221/
HN1A005G8R00087/20161221/1/
HN1A005G8R00087/20161222/
HN1A005G8R00087/20161222/1/
HN1A005G8R00087/20161226/
HN1A005G8R00087/20161226/1/
HN1A005G8R00087/20161227/
HN1A005G8R00087/20161227/1/
HN1A005G8R00087/20161228/
HN1A005G8R00087/20161228/1/
HN1A005G8R00087/20161229/
HN1A005G8R00087/20161229/1/
HN1A005G8R00087/20161230/
HN1A005G8R00087/20161230/1/
HN1A005G8R00087/20161231/
HN1A005G8R00087/20161231/1/
HN1A005G8R00087/20170101/
HN1A005G8R00087/20170101/1/
HN1A005G8R00087/20170102/
HN1A005G8R00087/20170102/1/
HN1A005G8R00087/20170103/
HN1A005G8R00087/20170103/1/
HN1A005G8R00087/20170104/
HN1A005G8R00087/20170104/1/
HN1A005G8R00087/20170105/
HN1A005G8R00087/20170105/1/
HN1A005G8R00087/20170106/
HN1A005G8R00087/20170106/1/
HN1A005G8R00087/20170107/
HN1A005G8R00087/20170107/1/
HN1A005G8R00087/20170108/
HN1A005G8R00087/20170108/1/
HN1A005G8R00087/20170109/
HN1A005G8R00087/20170109/1/
HN1A005G8R00087/20170110/
HN1A005G8R00087/20170110/1/
HN1A005G8R00087/20170111/
HN1A005G8R00087/20170111/1/
HN1A005G8R00087/20170112/
HN1A005G8R00087/20170112/1/
HN1A005G8R00087/20170112/1/video20170112073059.mp4
HN1A005G8R00087/20170112/1/video20170112073604.mp4
HN1A005G8R00087/20170112/1/video20170112073933.mp4
 10 seconds] ********************************
changed: [10.0.0.2]

PLAY RECAP *********************************************************************
10.0.0.2                   : ok=2    changed=1    unreachable=0    failed=0   


ssh: Connection to root@10.0.0.5:22 exited: Error writing: Connection timed out
rsync: [sender] write error: Broken pipe (32)
rsync error: error in socket IO (code 10) at io.c(820) [sender=3.1.2]
20170112180430:rsync lroom records finished.
20170113040004:Begin to sync...
Gen8 current state: ON
20170113040104:running lroom records rsync...
sending incremental file list
HN1A005G8R00087/
HN1A005G8R00087/20161221/
HN1A005G8R00087/20161221/1/
HN1A005G8R00087/20161222/
HN1A005G8R00087/20161222/1/
HN1A005G8R00087/20161226/
HN1A005G8R00087/20161226/1/
HN1A005G8R00087/20161227/
HN1A005G8R00087/20161227/1/
HN1A005G8R00087/20161228/
HN1A005G8R00087/20161228/1/
HN1A005G8R00087/20161229/
HN1A005G8R00087/20161229/1/
HN1A005G8R00087/20161230/
HN1A005G8R00087/20161230/1/
HN1A005G8R00087/20161231/
HN1A005G8R00087/20161231/1/
HN1A005G8R00087/20170101/
HN1A005G8R00087/20170101/1/
HN1A005G8R00087/20170102/
HN1A005G8R00087/20170102/1/
HN1A005G8R00087/20170103/
HN1A005G8R00087/20170103/1/
HN1A005G8R00087/20170104/
HN1A005G8R00087/20170104/1/
HN1A005G8R00087/20170105/
HN1A005G8R00087/20170105/1/
HN1A005G8R00087/20170106/
HN1A005G8R00087/20170106/1/
HN1A005G8R00087/20170107/
HN1A005G8R00087/20170107/1/
HN1A005G8R00087/20170108/
HN1A005G8R00087/20170108/1/
HN1A005G8R00087/20170109/
HN1A005G8R00087/20170109/1/
HN1A005G8R00087/20170110/
HN1A005G8R00087/20170110/1/
HN1A005G8R00087/20170111/
HN1A005G8R00087/20170111/1/
HN1A005G8R00087/20170112/
HN1A005G8R00087/20170112/1/
HN1A005G8R00087/20170112/1/video20170112073933.mp4
HN1A005G8R00087/20170112/1/video20170112080156.mp4
HN1A005G8R00087/20170112/1/video20170112082715.mp4
HN1A005G8R00087/20170112/1/video20170112083607.mp4
HN1A005G8R00087/20170112/1/video20170112085353.mp4
HN1A005G8R00087/20170112/1/video20170112090307.mp4
HN1A005G8R00087/20170112/1/video20170112162309.mp4
HN1A005G8R00087/20170112/1/video20170112162612.mp4
HN1A005G8R00087/20170112/1/video20170112163204.mp4
HN1A005G8R00087/20170112/1/video20170112163721.mp4
HN1A005G8R00087/20170112/1/video20170112164119.mp4
HN1A005G8R00087/20170112/1/video20170112164926.mp4
HN1A005G8R00087/20170112/1/video20170112201627.mp4
HN1A005G8R00087/20170112/1/video20170112201917.mp4
HN1A005G8R00087/20170112/1/video20170112202142.mp4
HN1A005G8R00087/20170112/1/video20170112202737.mp4
HN1A005G8R00087/20170112/1/video20170112202927.mp4
HN1A005G8R00087/20170112/1/video20170112203112.mp4
HN1A005G8R00087/20170112/1/video20170112203303.mp4
HN1A005G8R00087/20170112/1/video20170112204420.mp4
HN1A005G8R00087/20170112/1/video20170112204948.mp4
HN1A005G8R00087/20170112/1/video20170112205230.mp4
HN1A005G8R00087/20170112/1/video20170112205553.mp4
HN1A005G8R00087/20170112/1/video20170112210222.mp4
HN1A005G8R00087/20170112/1/video20170112210648.mp4
HN1A005G8R00087/20170112/1/video20170112210710.mp4
HN1A005G8R00087/20170112/1/video20170112212650.mp4
HN1A005G8R00087/20170112/1/video20170112213904.mp4
HN1A005G8R00087/20170112/1/video20170112214416.mp4
HN1A005G8R00087/20170112/1/video20170112215232.mp4
HN1A005G8R00087/20170112/1/video20170112220201.mp4
HN1A005G8R00087/20170112/1/video20170112220323.mp4
HN1A005G8R00087/20170112/1/video20170112221236.mp4
HN1A005G8R00087/20170112/1/video20170112221527.mp4
HN1A005G8R00087/20170112/1/video20170112222353.mp4
HN1A005G8R00087/20170112/1/video20170112222756.mp4
HN1A005G8R00087/20170112/1/video20170112223532.mp4
HN1A005G8R00087/20170112/1/video20170112224152.mp4
HN1A005G8R00087/20170112/1/video20170112224831.mp4
HN1A005G8R00087/20170112/1/video20170112234327.mp4
HN1A005G8R00087/20170113/
HN1A005G8R00087/20170113/1/
HN1A005G8R00087/20170113/1/video20170113000146.mp4
HN1A005G8R00087/20170113/1/video20170113000342.mp4
HN1A005G8R00087/20170113/1/video20170113000800.mp4
HN1A005G8R00087/20170113/1/video20170113001105.mp4
HN1A005G8R00087/20170113/1/video20170113002109.mp4
HN1A005G8R00087/20170113/1/video20170113002716.mp4
HN1A005G8R00087/20170113/1/video20170113003101.mp4
HN1A005G8R00087/20170113/1/video20170113003428.mp4

sent 898,949,742 bytes  received 4,798 bytes  2,594,385.40 bytes/sec
total size is 33,744,846,562  speedup is 37.54
20170113040651:rsync lroom records finished.
booting Gen8 server......
begin boot time:Fri Jan 13 19:00:04 GMT 2017
Time Used:
1 2 3 4 5 6 7 8 9 10 11 12 13 14 15 16 17 18 19 20 21 22 23 24 25 26 27 28 29 30 31 32 33 34 35 36 37 38 39 40 41 42 43 44 45 46 47 48 49 50 51 52 53 54 55 56 57 58 59 60 61 62 63 64 65 66 67 68 69 70 71 72 73 74 boot successfully.
finish boot time:Fri Jan 13 19:02:34 GMT 2017
20170114040004:Begin to sync...
Gen8 current state: ON
20170114040104:running lroom records rsync...
sending incremental file list
HN1A005G8R00087/
HN1A005G8R00087/20161221/
HN1A005G8R00087/20161221/1/
HN1A005G8R00087/20161222/
HN1A005G8R00087/20161222/1/
HN1A005G8R00087/20161226/
HN1A005G8R00087/20161226/1/
HN1A005G8R00087/20161227/
HN1A005G8R00087/20161227/1/
HN1A005G8R00087/20161228/
HN1A005G8R00087/20161228/1/
HN1A005G8R00087/20161229/
HN1A005G8R00087/20161229/1/
HN1A005G8R00087/20161230/
HN1A005G8R00087/20161230/1/
HN1A005G8R00087/20161231/
HN1A005G8R00087/20161231/1/
HN1A005G8R00087/20170101/
HN1A005G8R00087/20170101/1/
HN1A005G8R00087/20170102/
HN1A005G8R00087/20170102/1/
HN1A005G8R00087/20170103/
HN1A005G8R00087/20170103/1/
HN1A005G8R00087/20170104/
HN1A005G8R00087/20170104/1/
HN1A005G8R00087/20170105/
HN1A005G8R00087/20170105/1/
HN1A005G8R00087/20170106/
HN1A005G8R00087/20170106/1/
HN1A005G8R00087/20170107/
HN1A005G8R00087/20170107/1/
HN1A005G8R00087/20170108/
HN1A005G8R00087/20170108/1/
HN1A005G8R00087/20170109/
HN1A005G8R00087/20170109/1/
HN1A005G8R00087/20170110/
HN1A005G8R00087/20170110/1/
HN1A005G8R00087/20170111/
HN1A005G8R00087/20170111/1/
HN1A005G8R00087/20170112/
HN1A005G8R00087/20170112/1/
HN1A005G8R00087/20170113/
HN1A005G8R00087/20170113/1/
HN1A005G8R00087/20170113/1/video20170113072914.mp4
HN1A005G8R00087/20170113/1/video20170113073657.mp4
HN1A005G8R00087/20170113/1/video20170113074345.mp4
HN1A005G8R00087/20170113/1/video20170113080157.mp4
HN1A005G8R00087/20170113/1/video20170113084838.mp4
HN1A005G8R00087/20170113/1/video20170113085416.mp4
HN1A005G8R00087/20170113/1/video20170113085634.mp4
HN1A005G8R00087/20170113/1/video20170113085941.mp4
HN1A005G8R00087/20170113/1/video20170113091048.mp4
HN1A005G8R00087/20170113/1/video20170113091837.mp4
HN1A005G8R00087/20170113/1/video20170113092031.mp4
HN1A005G8R00087/20170113/1/video20170113092254.mp4
HN1A005G8R00087/20170113/1/video20170113092622.mp4
HN1A005G8R00087/20170113/1/video20170113093033.mp4
HN1A005G8R00087/20170113/1/video20170113162131.mp4
HN1A005G8R00087/20170113/1/video20170113162532.mp4
HN1A005G8R00087/20170113/1/video20170113162919.mp4
HN1A005G8R00087/20170113/1/video20170113163643.mp4
HN1A005G8R00087/20170113/1/video20170113164055.mp4
HN1A005G8R00087/20170113/1/video20170113164320.mp4
HN1A005G8R00087/20170113/1/video20170113164952.mp4

sent 229,590,826 bytes  received 4,441 bytes  2,455,564.35 bytes/sec
total size is 33,975,501,264  speedup is 147.98
20170114040238:rsync lroom records finished.
20170115040004:Begin to sync...
Gen8 current state: ON
20170115040104:running lroom records rsync...
sending incremental file list
HN1A005G8R00087/
HN1A005G8R00087/20161221/
HN1A005G8R00087/20161221/1/
HN1A005G8R00087/20161222/
HN1A005G8R00087/20161222/1/
HN1A005G8R00087/20161226/
HN1A005G8R00087/20161226/1/
HN1A005G8R00087/20161227/
HN1A005G8R00087/20161227/1/
HN1A005G8R00087/20161228/
HN1A005G8R00087/20161228/1/
HN1A005G8R00087/20161229/
HN1A005G8R00087/20161229/1/
HN1A005G8R00087/20161230/
HN1A005G8R00087/20161230/1/
HN1A005G8R00087/20161231/
HN1A005G8R00087/20161231/1/
HN1A005G8R00087/20170101/
HN1A005G8R00087/20170101/1/
HN1A005G8R00087/20170102/
HN1A005G8R00087/20170102/1/
HN1A005G8R00087/20170103/
HN1A005G8R00087/20170103/1/
HN1A005G8R00087/20170104/
HN1A005G8R00087/20170104/1/
HN1A005G8R00087/20170105/
HN1A005G8R00087/20170105/1/
HN1A005G8R00087/20170106/
HN1A005G8R00087/20170106/1/
HN1A005G8R00087/20170107/
HN1A005G8R00087/20170107/1/
HN1A005G8R00087/20170108/
HN1A005G8R00087/20170108/1/
HN1A005G8R00087/20170109/
HN1A005G8R00087/20170109/1/
HN1A005G8R00087/20170110/
HN1A005G8R00087/20170110/1/
HN1A005G8R00087/20170111/
HN1A005G8R00087/20170111/1/
HN1A005G8R00087/20170112/
HN1A005G8R00087/20170112/1/
HN1A005G8R00087/20170113/
HN1A005G8R00087/20170113/1/
HN1A005G8R00087/20170114/
HN1A005G8R00087/20170114/1/
HN1A005G8R00087/20170114/1/video20170114084622.mp4
HN1A005G8R00087/20170114/1/video20170114090207.mp4
HN1A005G8R00087/20170114/1/video20170114091730.mp4
HN1A005G8R00087/20170114/1/video20170114093343.mp4
HN1A005G8R00087/20170114/1/video20170114163013.mp4
HN1A005G8R00087/20170114/1/video20170114164324.mp4
HN1A005G8R00087/20170114/1/video20170114173952.mp4
HN1A005G8R00087/20170114/1/video20170114190711.mp4
HN1A005G8R00087/20170114/1/video20170114191600.mp4
HN1A005G8R00087/20170114/1/video20170114192604.mp4
HN1A005G8R00087/20170114/1/video20170114193607.mp4
HN1A005G8R00087/20170114/1/video20170114194611.mp4
HN1A005G8R00087/20170114/1/video20170114195614.mp4
HN1A005G8R00087/20170114/1/video20170114200618.mp4
HN1A005G8R00087/20170114/1/video20170114201621.mp4
HN1A005G8R00087/20170114/1/video20170114202625.mp4
HN1A005G8R00087/20170114/1/video20170114203628.mp4
HN1A005G8R00087/20170114/1/video20170114204641.mp4
HN1A005G8R00087/20170114/1/video20170114205644.mp4
HN1A005G8R00087/20170115/
HN1A005G8R00087/20170115/1/
HN1A005G8R00087/20170115/1/video20170115004210.mp4
HN1A005G8R00087/20170115/1/video20170115010004.mp4
HN1A005G8R00087/20170115/1/video20170115010938.mp4
HN1A005G8R00087/20170115/1/video20170115011155.mp4
HN1A005G8R00087/20170115/1/video20170115012158.mp4
HN1A005G8R00087/20170115/1/video20170115012642.mp4
HN1A005G8R00087/20170115/1/video20170115013014.mp4
HN1A005G8R00087/20170115/1/video20170115013503.mp4
HN1A005G8R00087/20170115/1/video20170115014258.mp4
HN1A005G8R00087/20170115/1/video20170115014455.mp4
HN1A005G8R00087/20170115/1/video20170115021416.mp4
HN1A005G8R00087/20170115/1/video20170115023854.mp4

sent 1,379,837,166 bytes  received 4,726 bytes  2,524,870.80 bytes/sec
total size is 35,360,254,248  speedup is 25.63
20170115041011:rsync lroom records finished.
shutdonn DSM Server......
/opt/lib/python2.7/site-packages/pkg_resources/__init__.py:1222: UserWarning: /root/.python-eggs is writable by group/others and vulnerable to attack when used with get_resource_filename. Consider a more secure location (set with .set_extraction_path or the PYTHON_EGG_CACHE environment variable).
  warnings.warn(msg, UserWarning)

PLAY [dsm] *********************************************************************

TASK [setup] *******************************************************************
ok: [10.0.0.5]

TASK [shutdown dsm by delay 60 seconds] ****************************************
changed: [10.0.0.5]

PLAY RECAP *********************************************************************
10.0.0.5                   : ok=2    changed=1    unreachable=0    failed=0   

shutdown Gen8 Server......
/opt/lib/python2.7/site-packages/pkg_resources/__init__.py:1222: UserWarning: /root/.python-eggs is writable by group/others and vulnerable to attack when used with get_resource_filename. Consider a more secure location (set with .set_extraction_path or the PYTHON_EGG_CACHE environment variable).
  warnings.warn(msg, UserWarning)

PLAY [gen8] ********************************************************************

TASK [setup] *******************************************************************
ok: [10.0.0.2]

TASK [shutdown gen8 server by delay 10 seconds] ********************************
changed: [10.0.0.2]

PLAY RECAP *********************************************************************
10.0.0.2                   : ok=2    changed=1    unreachable=0    failed=0   

20170116040004:Begin to sync...
Gen8 current state: OFF
booting Gen8 server......
begin boot time:Mon Jan 16 04:00:05 GMT 2017
Time Used:
1 2 3 4 5 6 7 8 9 10 11 12 13 14 15 16 17 18 19 20 21 22 23 24 25 26 27 28 29 30 31 32 33 34 35 36 37 38 39 40 41 42 43 44 45 46 47 48 49 50 51 52 53 54 55 56 57 58 59 60 61 62 63 64 65 66 67 68 69 70 71 72 73 74 boot successfully.
finish boot time:Mon Jan 16 04:02:35 GMT 2017
20170116040335:running lroom records rsync...
sending incremental file list
HN1A005G8R00087/
HN1A005G8R00087/20161221/
HN1A005G8R00087/20161221/1/
HN1A005G8R00087/20161222/
HN1A005G8R00087/20161222/1/
HN1A005G8R00087/20161226/
HN1A005G8R00087/20161226/1/
HN1A005G8R00087/20161227/
HN1A005G8R00087/20161227/1/
HN1A005G8R00087/20161228/
HN1A005G8R00087/20161228/1/
HN1A005G8R00087/20161229/
HN1A005G8R00087/20161229/1/
HN1A005G8R00087/20161230/
HN1A005G8R00087/20161230/1/
HN1A005G8R00087/20161231/
HN1A005G8R00087/20161231/1/
HN1A005G8R00087/20170101/
HN1A005G8R00087/20170101/1/
HN1A005G8R00087/20170102/
HN1A005G8R00087/20170102/1/
HN1A005G8R00087/20170103/
HN1A005G8R00087/20170103/1/
HN1A005G8R00087/20170104/
HN1A005G8R00087/20170104/1/
HN1A005G8R00087/20170105/
HN1A005G8R00087/20170105/1/
HN1A005G8R00087/20170106/
HN1A005G8R00087/20170106/1/
HN1A005G8R00087/20170107/
HN1A005G8R00087/20170107/1/
HN1A005G8R00087/20170108/
HN1A005G8R00087/20170108/1/
HN1A005G8R00087/20170109/
HN1A005G8R00087/20170109/1/
HN1A005G8R00087/20170110/
HN1A005G8R00087/20170110/1/
HN1A005G8R00087/20170111/
HN1A005G8R00087/20170111/1/
HN1A005G8R00087/20170112/
HN1A005G8R00087/20170112/1/
HN1A005G8R00087/20170113/
HN1A005G8R00087/20170113/1/
HN1A005G8R00087/20170114/
HN1A005G8R00087/20170114/1/
HN1A005G8R00087/20170115/
HN1A005G8R00087/20170115/1/
HN1A005G8R00087/20170115/1/video20170115091917.mp4
HN1A005G8R00087/20170115/1/video20170115092111.mp4
HN1A005G8R00087/20170115/1/video20170115093858.mp4
HN1A005G8R00087/20170115/1/video20170115094030.mp4
HN1A005G8R00087/20170115/1/video20170115094331.mp4
HN1A005G8R00087/20170115/1/video20170115095357.mp4
HN1A005G8R00087/20170115/1/video20170115095938.mp4
HN1A005G8R00087/20170115/1/video20170115100337.mp4
HN1A005G8R00087/20170115/1/video20170115101144.mp4
HN1A005G8R00087/20170115/1/video20170115101716.mp4
HN1A005G8R00087/20170115/1/video20170115103541.mp4
HN1A005G8R00087/20170115/1/video20170115104546.mp4
HN1A005G8R00087/20170115/1/video20170115105549.mp4
HN1A005G8R00087/20170115/1/video20170115110544.mp4
HN1A005G8R00087/20170115/1/video20170115111548.mp4
HN1A005G8R00087/20170115/1/video20170115112551.mp4
HN1A005G8R00087/20170115/1/video20170115113440.mp4
HN1A005G8R00087/20170115/1/video20170115114442.mp4
HN1A005G8R00087/20170115/1/video20170115115445.mp4
HN1A005G8R00087/20170115/1/video20170115120449.mp4
HN1A005G8R00087/20170115/1/video20170115121131.mp4
HN1A005G8R00087/20170115/1/video20170115122133.mp4
HN1A005G8R00087/20170115/1/video20170115123137.mp4
HN1A005G8R00087/20170115/1/video20170115123745.mp4
HN1A005G8R00087/20170115/1/video20170115124749.mp4
HN1A005G8R00087/20170115/1/video20170115125738.mp4
HN1A005G8R00087/20170115/1/video20170115130322.mp4
HN1A005G8R00087/20170115/1/video20170115131005.mp4
HN1A005G8R00087/20170115/1/video20170115131231.mp4
HN1A005G8R00087/20170115/1/video20170115132235.mp4
HN1A005G8R00087/20170115/1/video20170115133238.mp4
HN1A005G8R00087/20170115/1/video20170115134242.mp4
HN1A005G8R00087/20170115/1/video20170115134658.mp4
HN1A005G8R00087/20170115/1/video20170115135116.mp4
HN1A005G8R00087/20170115/1/video20170115135637.mp4
HN1A005G8R00087/20170115/1/video20170115135805.mp4
HN1A005G8R00087/20170115/1/video20170115140808.mp4
HN1A005G8R00087/20170115/1/video20170115140857.mp4
HN1A005G8R00087/20170115/1/video20170115141900.mp4
HN1A005G8R00087/20170115/1/video20170115142757.mp4
HN1A005G8R00087/20170115/1/video20170115143801.mp4
HN1A005G8R00087/20170115/1/video20170115144358.mp4
HN1A005G8R00087/20170115/1/video20170115145405.mp4
HN1A005G8R00087/20170115/1/video20170115150409.mp4
HN1A005G8R00087/20170115/1/video20170115150711.mp4
HN1A005G8R00087/20170115/1/video20170115151823.mp4
HN1A005G8R00087/20170115/1/video20170115152828.mp4
HN1A005G8R00087/20170115/1/video20170115153830.mp4
HN1A005G8R00087/20170115/1/video20170115160636.mp4
HN1A005G8R00087/20170115/1/video20170115161422.mp4
HN1A005G8R00087/20170115/1/video20170115161625.mp4
HN1A005G8R00087/20170115/1/video20170115161911.mp4
HN1A005G8R00087/20170115/1/video20170115162249.mp4
HN1A005G8R00087/20170115/1/video20170115163251.mp4
HN1A005G8R00087/20170115/1/video20170115164254.mp4
HN1A005G8R00087/20170115/1/video20170115165258.mp4
HN1A005G8R00087/20170115/1/video20170115170301.mp4
HN1A005G8R00087/20170115/1/video20170115171304.mp4
HN1A005G8R00087/20170115/1/video20170115172307.mp4
HN1A005G8R00087/20170115/1/video20170115173310.mp4
HN1A005G8R00087/20170115/1/video20170115174313.mp4
HN1A005G8R00087/20170115/1/video20170115174447.mp4
HN1A005G8R00087/20170115/1/video20170115175332.mp4
HN1A005G8R00087/20170115/1/video20170115180335.mp4
HN1A005G8R00087/20170115/1/video20170115180555.mp4
HN1A005G8R00087/20170115/1/video20170115181245.mp4
HN1A005G8R00087/20170115/1/video20170115182249.mp4
HN1A005G8R00087/20170115/1/video20170115183252.mp4
HN1A005G8R00087/20170115/1/video20170115184255.mp4
HN1A005G8R00087/20170115/1/video20170115185258.mp4
HN1A005G8R00087/20170115/1/video20170115190301.mp4
HN1A005G8R00087/20170115/1/video20170115191304.mp4
HN1A005G8R00087/20170115/1/video20170115192353.mp4
HN1A005G8R00087/20170115/1/video20170115193357.mp4
HN1A005G8R00087/20170115/1/video20170115194136.mp4
HN1A005G8R00087/20170115/1/video20170115194536.mp4
HN1A005G8R00087/20170115/1/video20170115195540.mp4
HN1A005G8R00087/20170115/1/video20170115200545.mp4
HN1A005G8R00087/20170115/1/video20170115201146.mp4
HN1A005G8R00087/20170115/1/video20170115201322.mp4
HN1A005G8R00087/20170115/1/video20170115202326.mp4
HN1A005G8R00087/20170115/1/video20170115202412.mp4
HN1A005G8R00087/20170115/1/video20170115203416.mp4
HN1A005G8R00087/20170115/1/video20170115203511.mp4
HN1A005G8R00087/20170115/1/video20170115204006.mp4
HN1A005G8R00087/20170115/1/video20170115205011.mp4
HN1A005G8R00087/20170115/1/video20170115205039.mp4
HN1A005G8R00087/20170115/1/video20170115205641.mp4
HN1A005G8R00087/20170115/1/video20170115205803.mp4
HN1A005G8R00087/20170115/1/video20170115210105.mp4
HN1A005G8R00087/20170115/1/video20170115210322.mp4
HN1A005G8R00087/20170115/1/video20170115210811.mp4
HN1A005G8R00087/20170115/1/video20170115210923.mp4
HN1A005G8R00087/20170115/1/video20170115211313.mp4
HN1A005G8R00087/20170115/1/video20170115211641.mp4
HN1A005G8R00087/20170115/1/video20170115212013.mp4
HN1A005G8R00087/20170115/1/video20170115212215.mp4
HN1A005G8R00087/20170115/1/video20170115212704.mp4
HN1A005G8R00087/20170115/1/video20170115212941.mp4
HN1A005G8R00087/20170115/1/video20170115213323.mp4
HN1A005G8R00087/20170115/1/video20170115213727.mp4
HN1A005G8R00087/20170115/1/video20170115214023.mp4
HN1A005G8R00087/20170115/1/video20170115214339.mp4
HN1A005G8R00087/20170115/1/video20170115215346.mp4
HN1A005G8R00087/20170115/1/video20170115215913.mp4
HN1A005G8R00087/20170115/1/video20170115220333.mp4
HN1A005G8R00087/20170115/1/video20170115221221.mp4
HN1A005G8R00087/20170115/1/video20170115231726.mp4
HN1A005G8R00087/20170116/
HN1A005G8R00087/20170116/1/
HN1A005G8R00087/20170116/1/video20170116001243.mp4
HN1A005G8R00087/20170116/1/video20170116001411.mp4

sent 5,818,058,208 bytes  received 6,332 bytes  2,679,283.69 bytes/sec
total size is 41,198,395,416  speedup is 7.08
20170116043947:rsync lroom records finished.
shutdonn DSM Server......
/opt/lib/python2.7/site-packages/pkg_resources/__init__.py:1222: UserWarning: /root/.python-eggs is writable by group/others and vulnerable to attack when used with get_resource_filename. Consider a more secure location (set with .set_extraction_path or the PYTHON_EGG_CACHE environment variable).
  warnings.warn(msg, UserWarning)

PLAY [dsm] *********************************************************************

TASK [setup] *******************************************************************
fatal: [10.0.0.5]: UNREACHABLE! => {"changed": false, "msg": "Failed to connect to the host via ssh: Permission denied (publickey,password).\r\n", "unreachable": true}
	to retry, use: --limit @/tmp/mnt/sda2/Monitor/MGMT/playbook/shutdown_dsm.retry

PLAY RECAP *********************************************************************
10.0.0.5                   : ok=0    changed=0    unreachable=1    failed=0   

shutdown Gen8 Server......
/opt/lib/python2.7/site-packages/pkg_resources/__init__.py:1222: UserWarning: /root/.python-eggs is writable by group/others and vulnerable to attack when used with get_resource_filename. Consider a more secure location (set with .set_extraction_path or the PYTHON_EGG_CACHE environment variable).
  warnings.warn(msg, UserWarning)

PLAY [gen8] ********************************************************************

TASK [setup] *******************************************************************
ok: [10.0.0.2]

TASK [shutdown gen8 server by delay 10 seconds] ********************************
changed: [10.0.0.2]

PLAY RECAP *********************************************************************
10.0.0.2                   : ok=2    changed=1    unreachable=0    failed=0   

20170117040003:Begin to sync...
Gen8 current state: OFF
booting Gen8 server......
begin boot time:Tue Jan 17 04:00:04 GMT 2017
Time Used:
1 2 3 4 5 6 7 8 9 10 11 12 13 14 15 16 17 18 19 20 21 22 23 24 25 26 27 28 29 30 31 32 33 34 35 36 37 38 39 40 41 42 43 44 45 46 47 48 49 50 51 52 53 54 55 56 57 58 59 60 61 62 63 64 65 66 67 68 69 70 71 72 73 boot successfully.
finish boot time:Tue Jan 17 04:02:33 GMT 2017
20170117040333:running lroom records rsync...

ssh: Connection to root@10.0.0.5:22 exited: Bad hostkey signature
rsync: connection unexpectedly closed (0 bytes received so far) [sender]
rsync error: error in rsync protocol data stream (code 12) at io.c(226) [sender=3.1.2]
20170117040334:rsync lroom records finished.
shutdonn DSM Server......
/opt/lib/python2.7/site-packages/pkg_resources/__init__.py:1222: UserWarning: /root/.python-eggs is writable by group/others and vulnerable to attack when used with get_resource_filename. Consider a more secure location (set with .set_extraction_path or the PYTHON_EGG_CACHE environment variable).
  warnings.warn(msg, UserWarning)

PLAY [dsm] *********************************************************************

TASK [setup] *******************************************************************
fatal: [10.0.0.5]: UNREACHABLE! => {"changed": false, "msg": "Failed to connect to the host via ssh: Permission denied (publickey,password).\r\n", "unreachable": true}
	to retry, use: --limit @/tmp/mnt/sda2/Monitor/MGMT/playbook/shutdown_dsm.retry

PLAY RECAP *********************************************************************
10.0.0.5                   : ok=0    changed=0    unreachable=1    failed=0   

shutdown Gen8 Server......
/opt/lib/python2.7/site-packages/pkg_resources/__init__.py:1222: UserWarning: /root/.python-eggs is writable by group/others and vulnerable to attack when used with get_resource_filename. Consider a more secure location (set with .set_extraction_path or the PYTHON_EGG_CACHE environment variable).
  warnings.warn(msg, UserWarning)

PLAY [gen8] ********************************************************************

TASK [setup] *******************************************************************
ok: [10.0.0.2]

TASK [shutdown gen8 server by delay 10 seconds] ********************************
changed: [10.0.0.2]

PLAY RECAP *********************************************************************
10.0.0.2                   : ok=2    changed=1    unreachable=0    failed=0   

20170117105001:Begin to sync...
Gen8 current state: OFF
booting Gen8 server......
begin boot time:Tue Jan 17 10:50:02 GMT 2017
Time Used:
1 2 3 4 5 6 7 8 9 10 11 12 13 14 15 16 17 18 19 20 21 22 23 24 25 26 27 28 29 30 31 32 33 34 35 36 37 38 39 40 41 42 43 44 45 46 47 48 49 50 51 52 53 54 55 56 57 58 59 60 61 62 63 64 65 66 67 68 69 70 71 72 73 boot successfully.
finish boot time:Tue Jan 17 10:52:31 GMT 2017
/sbin:/bin:/usr/sbin:/usr/bin:/opt/sbin:/opt/bin:/opt/local/bin
drwxrwxrwx    2 admin    root          4096 Jan 17 04:03 .
drwxrwxrwx    7 admin    root          4096 Jan 17 10:48 ..
-rw-------    1 admin    root           805 Jan 17 04:03 id_dropbear
-rw-------    1 admin    root          1675 Jan 17 04:03 id_rsa
-rw-r--r--    1 admin    root           405 Jan 12 16:18 id_rsa.pub
-rw-------    1 admin    root          1675 Jan 12 18:02 id_rsa_old
-rw-rw-rw-    1 admin    root           170 Jan 12 17:45 known_hosts
20170117105331:running lroom records rsync...
sending incremental file list
HN1A005G8R00087/
HN1A005G8R00087/20161221/
HN1A005G8R00087/20161221/1/
HN1A005G8R00087/20161222/
HN1A005G8R00087/20161222/1/
HN1A005G8R00087/20161226/
HN1A005G8R00087/20161226/1/
HN1A005G8R00087/20161227/
HN1A005G8R00087/20161227/1/
HN1A005G8R00087/20161228/
HN1A005G8R00087/20161228/1/
HN1A005G8R00087/20161229/
HN1A005G8R00087/20161229/1/
HN1A005G8R00087/20161230/
HN1A005G8R00087/20161230/1/
HN1A005G8R00087/20161231/
HN1A005G8R00087/20161231/1/
HN1A005G8R00087/20170101/
HN1A005G8R00087/20170101/1/
HN1A005G8R00087/20170102/
HN1A005G8R00087/20170102/1/
HN1A005G8R00087/20170103/
HN1A005G8R00087/20170103/1/
HN1A005G8R00087/20170104/
HN1A005G8R00087/20170104/1/
HN1A005G8R00087/20170105/
HN1A005G8R00087/20170105/1/
HN1A005G8R00087/20170106/
HN1A005G8R00087/20170106/1/
HN1A005G8R00087/20170107/
HN1A005G8R00087/20170107/1/
HN1A005G8R00087/20170108/
HN1A005G8R00087/20170108/1/
HN1A005G8R00087/20170109/
HN1A005G8R00087/20170109/1/
HN1A005G8R00087/20170110/
HN1A005G8R00087/20170110/1/
HN1A005G8R00087/20170111/
HN1A005G8R00087/20170111/1/
HN1A005G8R00087/20170112/
HN1A005G8R00087/20170112/1/
HN1A005G8R00087/20170113/
HN1A005G8R00087/20170113/1/
HN1A005G8R00087/20170114/
HN1A005G8R00087/20170114/1/
HN1A005G8R00087/20170115/
HN1A005G8R00087/20170115/1/
HN1A005G8R00087/20170116/
HN1A005G8R00087/20170116/1/
HN1A005G8R00087/20170116/1/video20170116214155.mp4
HN1A005G8R00087/20170116/1/video20170116215200.mp4
HN1A005G8R00087/20170116/1/video20170116215629.mp4
HN1A005G8R00087/20170116/1/video20170116220635.mp4
HN1A005G8R00087/20170116/1/video20170116221638.mp4
HN1A005G8R00087/20170116/1/video20170116222143.mp4
HN1A005G8R00087/20170116/1/video20170116223755.mp4
HN1A005G8R00087/20170117/
HN1A005G8R00087/20170117/1/
HN1A005G8R00087/20170117/1/video20170117072613.mp4
HN1A005G8R00087/20170117/1/video20170117072919.mp4
HN1A005G8R00087/20170117/1/video20170117073435.mp4
HN1A005G8R00087/20170117/1/video20170117081832.mp4
HN1A005G8R00087/20170117/1/video20170117082126.mp4
HN1A005G8R00087/20170117/1/video20170117093833.mp4
HN1A005G8R00087/20170117/1/video20170117095415.mp4
HN1A005G8R00087/20170117/1/video20170117095719.mp4
HN1A005G8R00087/20170117/1/video20170117102610.mp4
HN1A005G8R00087/20170117/1/video20170117102756.mp4
HN1A005G8R00087/20170117/1/video20170117103733.mp4
HN1A005G8R00087/20170117/1/video20170117104147.mp4

sent 559,772,109 bytes  received 5,290 bytes  2,609,684.84 bytes/sec
total size is 46,988,339,550  speedup is 83.94
20170117105705:rsync lroom records finished.
shutdonn DSM Server......
/opt/lib/python2.7/site-packages/pkg_resources/__init__.py:1222: UserWarning: /root/.python-eggs is writable by group/others and vulnerable to attack when used with get_resource_filename. Consider a more secure location (set with .set_extraction_path or the PYTHON_EGG_CACHE environment variable).
  warnings.warn(msg, UserWarning)

PLAY [dsm] *********************************************************************

TASK [setup] *******************************************************************
fatal: [10.0.0.5]: UNREACHABLE! => {"changed": false, "msg": "Failed to connect to the host via ssh: Permission denied (publickey,password).\r\n", "unreachable": true}
	to retry, use: --limit @/tmp/mnt/sda2/Monitor/MGMT/playbook/shutdown_dsm.retry

PLAY RECAP *********************************************************************
10.0.0.5                   : ok=0    changed=0    unreachable=1    failed=0   

shutdown Gen8 Server......
/opt/lib/python2.7/site-packages/pkg_resources/__init__.py:1222: UserWarning: /root/.python-eggs is writable by group/others and vulnerable to attack when used with get_resource_filename. Consider a more secure location (set with .set_extraction_path or the PYTHON_EGG_CACHE environment variable).
  warnings.warn(msg, UserWarning)

PLAY [gen8] ********************************************************************

TASK [setup] *******************************************************************
ok: [10.0.0.2]

TASK [shutdown gen8 server by delay 10 seconds] ********************************
changed: [10.0.0.2]

PLAY RECAP *********************************************************************
10.0.0.2                   : ok=2    changed=1    unreachable=0    failed=0   

20170117111536:Begin to sync...
Gen8 current state: ON
20170117112201:Begin to sync...
Gen8 current state: OFF
booting Gen8 server......
begin boot time:Tue Jan 17 11:22:02 GMT 2017
Time Used:
1 2 3 4 5 6 7 8 9 10 11 12 13 14 15 16 17 18 19 20 21 22 23 24 25 26 27 28 29 30 31 32 33 34 35 36 37 38 39 40 41 42 43 44 45 46 47 48 49 50 51 52 53 54 55 56 57 58 59 60 61 62 63 64 65 66 67 68 69 70 71 72 73 74 boot successfully.
finish boot time:Tue Jan 17 11:24:32 GMT 2017
/sbin:/bin:/usr/sbin:/usr/bin:/opt/sbin:/opt/bin:/opt/local/bin
drwxrwxrwx    2 admin    root          4096 Jan 17 11:16 .
drwxrwxrwx    7 admin    root          4096 Jan 17 11:05 ..
-rw-------    1 admin    root           805 Jan 17 11:16 id_dropbear
-rw-------    1 admin    root          1675 Jan 17 10:57 id_rsa
-rw-r--r--    1 admin    root           405 Jan 12 16:18 id_rsa.pub
-rw-------    1 admin    root          1675 Jan 12 18:02 id_rsa_old
-rw-rw-rw-    1 admin    root           170 Jan 12 17:45 known_hosts
20170117112532:running lroom records rsync...
sending incremental file list
HN1A005G8R00087/
HN1A005G8R00087/20161221/
HN1A005G8R00087/20161221/1/
HN1A005G8R00087/20161222/
HN1A005G8R00087/20161222/1/
HN1A005G8R00087/20161226/
HN1A005G8R00087/20161226/1/
HN1A005G8R00087/20161227/
HN1A005G8R00087/20161227/1/
HN1A005G8R00087/20161228/
HN1A005G8R00087/20161228/1/
HN1A005G8R00087/20161229/
HN1A005G8R00087/20161229/1/
HN1A005G8R00087/20161230/
HN1A005G8R00087/20161230/1/
HN1A005G8R00087/20161231/
HN1A005G8R00087/20161231/1/
HN1A005G8R00087/20170101/
HN1A005G8R00087/20170101/1/
HN1A005G8R00087/20170102/
HN1A005G8R00087/20170102/1/
HN1A005G8R00087/20170103/
HN1A005G8R00087/20170103/1/
HN1A005G8R00087/20170104/
HN1A005G8R00087/20170104/1/
HN1A005G8R00087/20170105/
HN1A005G8R00087/20170105/1/
HN1A005G8R00087/20170106/
HN1A005G8R00087/20170106/1/
HN1A005G8R00087/20170107/
HN1A005G8R00087/20170107/1/
HN1A005G8R00087/20170108/
HN1A005G8R00087/20170108/1/
HN1A005G8R00087/20170109/
HN1A005G8R00087/20170109/1/
HN1A005G8R00087/20170110/
HN1A005G8R00087/20170110/1/
HN1A005G8R00087/20170111/
HN1A005G8R00087/20170111/1/
HN1A005G8R00087/20170112/
HN1A005G8R00087/20170112/1/
HN1A005G8R00087/20170113/
HN1A005G8R00087/20170113/1/
HN1A005G8R00087/20170114/
HN1A005G8R00087/20170114/1/
HN1A005G8R00087/20170115/
HN1A005G8R00087/20170115/1/
HN1A005G8R00087/20170116/
HN1A005G8R00087/20170116/1/
HN1A005G8R00087/20170117/
HN1A005G8R00087/20170117/1/

sent 37,370 bytes  received 4,998 bytes  7,703.27 bytes/sec
total size is 46,988,339,550  speedup is 1,109,052.58
20170117112537:rsync lroom records finished.
shutdonn DSM Server......
/opt/lib/python2.7/site-packages/pkg_resources/__init__.py:1222: UserWarning: /root/.python-eggs is writable by group/others and vulnerable to attack when used with get_resource_filename. Consider a more secure location (set with .set_extraction_path or the PYTHON_EGG_CACHE environment variable).
  warnings.warn(msg, UserWarning)

PLAY [dsm] *********************************************************************

TASK [setup] *******************************************************************
ok: [10.0.0.5]

TASK [shutdown dsm by delay 60 seconds] ****************************************
changed: [10.0.0.5]

PLAY RECAP *********************************************************************
10.0.0.5                   : ok=2    changed=1    unreachable=0    failed=0   

shutdown Gen8 Server......
/opt/lib/python2.7/site-packages/pkg_resources/__init__.py:1222: UserWarning: /root/.python-eggs is writable by group/others and vulnerable to attack when used with get_resource_filename. Consider a more secure location (set with .set_extraction_path or the PYTHON_EGG_CACHE environment variable).
  warnings.warn(msg, UserWarning)

PLAY [gen8] ********************************************************************

TASK [setup] *******************************************************************
ok: [10.0.0.2]

TASK [shutdown gen8 server by delay 10 seconds] ********************************
changed: [10.0.0.2]

PLAY RECAP *********************************************************************
10.0.0.2                   : ok=2    changed=1    unreachable=0    failed=0   

